<?xml version="1.0" encoding="UTF-8" ?>
<testsuite tests="8" failures="0" name="com.webStaurantStore.runners.CukesRunner" time="9.104" errors="2" skipped="0">
  <properties>
[...]
</properties>
  <testcase classname="WebstaurantStore home page title verification" name="User is on WebStaurantStore landing page" time="6.116"/>
  <testcase classname="WebstaurantStore home page title verification" name="User should see title is &quot;WebstaurantStore: Restaurant Supplies &amp; Foodservice Equipment&quot;" time="0.072"/>
  <testcase classname="WebstaurantStore home page title verification" name="WebstaurantStore home page title verification" time="0.074"/>
  <testcase classname="Search results page title verification" name="User searches for &quot;stainless work table&quot;" time="2.754"/>
  <testcase classname="Search results page title verification" name="User should see &quot;Stainless Work Table - WebstaurantStore&quot; as result page&apos;s title" time="0.032"/>
  <testcase classname="Search results page title verification" name="Search results page title verification" time="0.033"/>
  <testcase classname="Search results verification" name="User should see &quot;Table&quot;, &quot;Stainless&quot; in every search result&apos;s title" time="0.011">
    <error message="The step &apos;User should see &quot;Table&quot;, &quot;Stainless&quot; in every search result&apos;s title&apos; is undefined.
You can implement this step using the snippet(s) below:

@Given(&quot;User should see {string}, {string} in every search result&apos;s title&quot;)
public void user_should_see_in_every_search_result_s_title(String string, String string2) {
    // Write code here that turns the phrase above into concrete actions
    throw new io.cucumber.java.PendingException();
}
" type="io.cucumber.junit.UndefinedStepException">io.cucumber.junit.UndefinedStepException: The step &apos;User should see &quot;Table&quot;, &quot;Stainless&quot; in every search result&apos;s title&apos; is undefined.
You can implement this step using the snippet(s) below:

@Given(&quot;User should see {string}, {string} in every search result&apos;s title&quot;)
public void user_should_see_in_every_search_result_s_title(String string, String string2) {
    // Write code here that turns the phrase above into concrete actions
    throw new io.cucumber.java.PendingException();
}

</error>
  </testcase>
  <testcase classname="Search results verification" name="Search results verification" time="0.012">
    <error message="The step &apos;User should see &quot;Table&quot;, &quot;Stainless&quot; in every search result&apos;s title&apos; is undefined.
You can implement this step using the snippet(s) below:

@Given(&quot;User should see {string}, {string} in every search result&apos;s title&quot;)
public void user_should_see_in_every_search_result_s_title(String string, String string2) {
    // Write code here that turns the phrase above into concrete actions
    throw new io.cucumber.java.PendingException();
}
" type="io.cucumber.junit.UndefinedStepException">io.cucumber.junit.UndefinedStepException: The step &apos;User should see &quot;Table&quot;, &quot;Stainless&quot; in every search result&apos;s title&apos; is undefined.
You can implement this step using the snippet(s) below:

@Given(&quot;User should see {string}, {string} in every search result&apos;s title&quot;)
public void user_should_see_in_every_search_result_s_title(String string, String string2) {
    // Write code here that turns the phrase above into concrete actions
    throw new io.cucumber.java.PendingException();
}

</error>
  </testcase>
</testsuite>